<?xml version="1.0" encoding="UTF-8"?>
<!-- Generated by org.testng.reporters.JUnitReportReporter -->
<testsuite hostname="DESKTOP-4MUCM02" failures="0" tests="10" name="com.urbanladder.runner.runner" time="123.500" errors="0" timestamp="28 Sep 2021 10:29:47 GMT">
  <testcase classname="com.urbanladder.runner.runner" name="runScenario" time="31.496"/>
  <testcase classname="com.urbanladder.runner.runner" name="runScenario" time="8.948"/>
  <testcase classname="com.urbanladder.runner.runner" name="runScenario" time="12.437"/>
  <testcase classname="com.urbanladder.runner.runner" name="runScenario" time="10.124"/>
  <testcase classname="com.urbanladder.runner.runner" name="runScenario" time="10.185"/>
  <testcase classname="com.urbanladder.runner.runner" name="runScenario" time="9.468"/>
  <testcase classname="com.urbanladder.runner.runner" name="runScenario" time="7.612"/>
  <testcase classname="com.urbanladder.runner.runner" name="runScenario" time="10.203"/>
  <testcase classname="com.urbanladder.runner.runner" name="runScenario" time="6.978"/>
  <testcase classname="com.urbanladder.runner.runner" name="runScenario" time="16.049"/>
</testsuite> <!-- com.urbanladder.runner.runner -->
